<?xml version="1.0" encoding="UTF-8"?>
<testsuite xmlns:xsi="http://www.w3.org/2001/XMLSchema-instance" xsi:noNamespaceSchemaLocation="https://maven.apache.org/surefire/maven-surefire-plugin/xsd/surefire-test-report-3.0.xsd" version="3.0" name="com.alibaba.dependencycheck.service.ScanTaskServiceTest" time="0.098" tests="9" errors="0" skipped="0" failures="0">
  <properties>
[...]
</properties>
  <testcase name="getResults_shouldReturnResults" classname="com.alibaba.dependencycheck.service.ScanTaskServiceTest" time="0.05"/>
  <testcase name="getTask_shouldReturnCorrectTask" classname="com.alibaba.dependencycheck.service.ScanTaskServiceTest" time="0.013"/>
  <testcase name="getTask_shouldThrowExceptionWhenNotExists" classname="com.alibaba.dependencycheck.service.ScanTaskServiceTest" time="0.003"/>
  <testcase name="createTask_shouldThrowExceptionWhenProjectNotExists" classname="com.alibaba.dependencycheck.service.ScanTaskServiceTest" time="0.004"/>
  <testcase name="getResults_shouldThrowExceptionWhenTaskNotExists" classname="com.alibaba.dependencycheck.service.ScanTaskServiceTest" time="0.003"/>
  <testcase name="getResults_shouldReturnEmptyListWhenNoResults" classname="com.alibaba.dependencycheck.service.ScanTaskServiceTest" time="0.002"/>
  <testcase name="createTask_shouldInitializeStatusAsPending" classname="com.alibaba.dependencycheck.service.ScanTaskServiceTest" time="0.011">
    <system-out><![CDATA[17:25:58.298 [main] INFO com.alibaba.dependencycheck.service.ScanTaskService -- 扫描任务创建成功: taskId=10, projectId=1
]]></system-out>
  </testcase>
  <testcase name="createTask_shouldSucceedWhenNoActiveTask" classname="com.alibaba.dependencycheck.service.ScanTaskServiceTest" time="0.003">
    <system-out><![CDATA[17:25:58.301 [main] INFO com.alibaba.dependencycheck.service.ScanTaskService -- 扫描任务创建成功: taskId=10, projectId=1
]]></system-out>
  </testcase>
  <testcase name="createTask_shouldRejectWhenActiveTaskExists" classname="com.alibaba.dependencycheck.service.ScanTaskServiceTest" time="0.004"/>
</testsuite>